
> @repo/api@0.0.0 start C:\Users\Arlind\Desktop\Projects\Version 7\apps\api
> pnpm exec dotenv -e .env -- node dist/main.js

[startup] Connecting to Prisma...
[startup] Prisma connected.
[startup] Connecting to Redis at redis://127.0.0.1:6379...
[startup] Redis connected.
[32m[Nest] 58560  - [39m28/03/2026, 12:14:55 [32m    LOG[39m [38;5;3m[NestFactory] [39m[32mStarting Nest application...[39m
[32m[Nest] 58560  - [39m28/03/2026, 12:14:55 [32m    LOG[39m [38;5;3m[InstanceLoader] [39m[32mBullModule dependencies initialized[39m[38;5;3m +7ms[39m
[32m[Nest] 58560  - [39m28/03/2026, 12:14:55 [32m    LOG[39m [38;5;3m[InstanceLoader] [39m[32mPrismaModule dependencies initialized[39m[38;5;3m +1ms[39m
[32m[Nest] 58560  - [39m28/03/2026, 12:14:55 [32m    LOG[39m [38;5;3m[InstanceLoader] [39m[32mConfigHostModule dependencies initialized[39m[38;5;3m +1ms[39m
[32m[Nest] 58560  - [39m28/03/2026, 12:14:55 [32m    LOG[39m [38;5;3m[InstanceLoader] [39m[32mDiscoveryModule dependencies initialized[39m[38;5;3m +0ms[39m
[32m[Nest] 58560  - [39m28/03/2026, 12:14:55 [32m    LOG[39m [38;5;3m[InstanceLoader] [39m[32mRequestContextModule dependencies initialized[39m[38;5;3m +1ms[39m
[32m[Nest] 58560  - [39m28/03/2026, 12:14:55 [32m    LOG[39m [38;5;3m[InstanceLoader] [39m[32mConfigModule dependencies initialized[39m[38;5;3m +0ms[39m
[32m[Nest] 58560  - [39m28/03/2026, 12:14:55 [32m    LOG[39m [38;5;3m[InstanceLoader] [39m[32mBullModule dependencies initialized[39m[38;5;3m +1ms[39m
[32m[Nest] 58560  - [39m28/03/2026, 12:14:55 [32m    LOG[39m [38;5;3m[InstanceLoader] [39m[32mBullModule dependencies initialized[39m[38;5;3m +0ms[39m
[32m[Nest] 58560  - [39m28/03/2026, 12:14:55 [32m    LOG[39m [38;5;3m[InstanceLoader] [39m[32mAppModule dependencies initialized[39m[38;5;3m +1ms[39m
[32m[Nest] 58560  - [39m28/03/2026, 12:14:55 [32m    LOG[39m [38;5;3m[RoutesResolver] [39m[32mHealthController {/api/health} (version: Neutral):[39m[38;5;3m +114ms[39m
[32m[Nest] 58560  - [39m28/03/2026, 12:14:55 [32m    LOG[39m [38;5;3m[RouterExplorer] [39m[32mMapped {/api/health, GET} (version: Neutral) route[39m[38;5;3m +2ms[39m
[32m[Nest] 58560  - [39m28/03/2026, 12:14:55 [32m    LOG[39m [38;5;3m[RoutesResolver] [39m[32mParcelsController {/api/parcels}:[39m[38;5;3m +0ms[39m
[32m[Nest] 58560  - [39m28/03/2026, 12:14:55 [32m    LOG[39m [38;5;3m[RouterExplorer] [39m[32mMapped {/api/parcels, GET} (version: 1) route[39m[38;5;3m +1ms[39m
[32m[Nest] 58560  - [39m28/03/2026, 12:14:55 [32m    LOG[39m [38;5;3m[RouterExplorer] [39m[32mMapped {/api/parcels, POST} (version: 1) route[39m[38;5;3m +0ms[39m
[32m[Nest] 58560  - [39m28/03/2026, 12:14:55 [32m    LOG[39m [38;5;3m[RouterExplorer] [39m[32mMapped {/api/parcels/:parcelId, GET} (version: 1) route[39m[38;5;3m +0ms[39m
[32m[Nest] 58560  - [39m28/03/2026, 12:14:55 [32m    LOG[39m [38;5;3m[RouterExplorer] [39m[32mMapped {/api/parcels/:parcelId, PATCH} (version: 1) route[39m[38;5;3m +1ms[39m
[32m[Nest] 58560  - [39m28/03/2026, 12:14:55 [32m    LOG[39m [38;5;3m[RoutesResolver] [39m[32mPlanningParametersController {/api/parcels/:parcelId/planning-parameters}:[39m[38;5;3m +0ms[39m
[32m[Nest] 58560  - [39m28/03/2026, 12:14:55 [32m    LOG[39m [38;5;3m[RouterExplorer] [39m[32mMapped {/api/parcels/:parcelId/planning-parameters, GET} (version: 1) route[39m[38;5;3m +0ms[39m
[32m[Nest] 58560  - [39m28/03/2026, 12:14:55 [32m    LOG[39m [38;5;3m[RouterExplorer] [39m[32mMapped {/api/parcels/:parcelId/planning-parameters, POST} (version: 1) route[39m[38;5;3m +0ms[39m
[32m[Nest] 58560  - [39m28/03/2026, 12:14:55 [32m    LOG[39m [38;5;3m[RouterExplorer] [39m[32mMapped {/api/parcels/:parcelId/planning-parameters/:planningParameterId, PATCH} (version: 1) route[39m[38;5;3m +0ms[39m
[32m[Nest] 58560  - [39m28/03/2026, 12:14:55 [32m    LOG[39m [38;5;3m[RoutesResolver] [39m[32mFundingProgramsController {/api/funding-programs}:[39m[38;5;3m +0ms[39m
[32m[Nest] 58560  - [39m28/03/2026, 12:14:55 [32m    LOG[39m [38;5;3m[RouterExplorer] [39m[32mMapped {/api/funding-programs, GET} (version: 1) route[39m[38;5;3m +1ms[39m
[32m[Nest] 58560  - [39m28/03/2026, 12:14:55 [32m    LOG[39m [38;5;3m[RoutesResolver] [39m[32mScenariosController {/api/scenarios}:[39m[38;5;3m +0ms[39m
[32m[Nest] 58560  - [39m28/03/2026, 12:14:55 [32m    LOG[39m [38;5;3m[RouterExplorer] [39m[32mMapped {/api/scenarios, GET} (version: 1) route[39m[38;5;3m +0ms[39m
[32m[Nest] 58560  - [39m28/03/2026, 12:14:55 [32m    LOG[39m [38;5;3m[RouterExplorer] [39m[32mMapped {/api/scenarios, POST} (version: 1) route[39m[38;5;3m +0ms[39m
[32m[Nest] 58560  - [39m28/03/2026, 12:14:55 [32m    LOG[39m [38;5;3m[RouterExplorer] [39m[32mMapped {/api/scenarios/:scenarioId, GET} (version: 1) route[39m[38;5;3m +0ms[39m
[32m[Nest] 58560  - [39m28/03/2026, 12:14:55 [32m    LOG[39m [38;5;3m[RouterExplorer] [39m[32mMapped {/api/scenarios/:scenarioId, PATCH} (version: 1) route[39m[38;5;3m +0ms[39m
[32m[Nest] 58560  - [39m28/03/2026, 12:14:55 [32m    LOG[39m [38;5;3m[RouterExplorer] [39m[32mMapped {/api/scenarios/:scenarioId/funding-stack, PUT} (version: 1) route[39m[38;5;3m +1ms[39m
[32m[Nest] 58560  - [39m28/03/2026, 12:14:55 [32m    LOG[39m [38;5;3m[RouterExplorer] [39m[32mMapped {/api/scenarios/:scenarioId/readiness, GET} (version: 1) route[39m[38;5;3m +0ms[39m
[32m[Nest] 58560  - [39m28/03/2026, 12:14:55 [32m    LOG[39m [38;5;3m[RoutesResolver] [39m[32mScenarioRunsController {/api}:[39m[38;5;3m +0ms[39m
[32m[Nest] 58560  - [39m28/03/2026, 12:14:55 [32m    LOG[39m [38;5;3m[RouterExplorer] [39m[32mMapped {/api/scenarios/:scenarioId/feasibility-runs, POST} (version: 1) route[39m[38;5;3m +0ms[39m
[32m[Nest] 58560  - [39m28/03/2026, 12:14:55 [32m    LOG[39m [38;5;3m[RouterExplorer] [39m[32mMapped {/api/scenario-runs/:runId, GET} (version: 1) route[39m[38;5;3m +0ms[39m
[startup] PrismaService connecting...
[startup] PrismaService connected.
[32m[Nest] 58560  - [39m28/03/2026, 12:14:55 [32m    LOG[39m [38;5;3m[NestApplication] [39m[32mNest application successfully started[39m[38;5;3m +22ms[39m
[startup] API listening on http://localhost:4000/api
[startup] API docs available at http://localhost:4000/api/docs
[startup] API health available at http://localhost:4000/api/health
C:\Users\Arlind\Desktop\Projects\Version 7\apps\api:
 ERR_PNPM_RECURSIVE_RUN_FIRST_FAIL  @repo/api@0.0.0 start: `pnpm exec dotenv -e .env -- node dist/main.js`
Exit status 3221225786
